{"C:\\Users\\safaw\\Desktop\\Education\\GL 4\\tp-test\\TP1-Home\\src\\ConvertirDevises.js": {"path":"C:\\Users\\safaw\\Desktop\\Education\\GL 4\\tp-test\\TP1-Home\\src\\ConvertirDevises.js","all":false,"statementMap":{"0":{"start":{"line":1,"column":0},"end":{"line":1,"column":74}},"1":{"start":{"line":2,"column":0},"end":{"line":2,"column":52}},"2":{"start":{"line":3,"column":0},"end":{"line":3,"column":40}},"3":{"start":{"line":4,"column":0},"end":{"line":4,"column":3}},"4":{"start":{"line":5,"column":0},"end":{"line":5,"column":0}},"5":{"start":{"line":6,"column":0},"end":{"line":6,"column":43}},"6":{"start":{"line":7,"column":0},"end":{"line":7,"column":65}},"7":{"start":{"line":8,"column":0},"end":{"line":8,"column":3}},"8":{"start":{"line":9,"column":0},"end":{"line":9,"column":0}},"9":{"start":{"line":10,"column":0},"end":{"line":10,"column":45}},"10":{"start":{"line":11,"column":0},"end":{"line":11,"column":46}},"11":{"start":{"line":12,"column":0},"end":{"line":12,"column":47}},"12":{"start":{"line":13,"column":0},"end":{"line":13,"column":3}},"13":{"start":{"line":14,"column":0},"end":{"line":14,"column":0}},"14":{"start":{"line":15,"column":0},"end":{"line":15,"column":24}},"15":{"start":{"line":16,"column":0},"end":{"line":16,"column":1}}},"s":{"0":1,"1":7,"2":2,"3":2,"4":5,"5":7,"6":1,"7":1,"8":4,"9":4,"10":7,"11":0,"12":0,"13":4,"14":4,"15":4},"branchMap":{"0":{"type":"branch","line":1,"loc":{"start":{"line":1,"column":7},"end":{"line":16,"column":1}},"locations":[{"start":{"line":1,"column":7},"end":{"line":16,"column":1}}]},"1":{"type":"branch","line":2,"loc":{"start":{"line":2,"column":51},"end":{"line":4,"column":3}},"locations":[{"start":{"line":2,"column":51},"end":{"line":4,"column":3}}]},"2":{"type":"branch","line":5,"loc":{"start":{"line":5,"column":-2},"end":{"line":6,"column":42}},"locations":[{"start":{"line":5,"column":-2},"end":{"line":6,"column":42}}]},"3":{"type":"branch","line":6,"loc":{"start":{"line":6,"column":42},"end":{"line":8,"column":3}},"locations":[{"start":{"line":6,"column":42},"end":{"line":8,"column":3}}]},"4":{"type":"branch","line":9,"loc":{"start":{"line":9,"column":-2},"end":{"line":11,"column":43}},"locations":[{"start":{"line":9,"column":-2},"end":{"line":11,"column":43}}]},"5":{"type":"branch","line":11,"loc":{"start":{"line":11,"column":45},"end":{"line":13,"column":3}},"locations":[{"start":{"line":11,"column":45},"end":{"line":13,"column":3}}]},"6":{"type":"branch","line":14,"loc":{"start":{"line":14,"column":-2},"end":{"line":16,"column":1}},"locations":[{"start":{"line":14,"column":-2},"end":{"line":16,"column":1}}]}},"b":{"0":[7],"1":[2],"2":[5],"3":[1],"4":[4],"5":[0],"6":[4]},"fnMap":{"0":{"name":"convertirDevises","decl":{"start":{"line":1,"column":7},"end":{"line":16,"column":1}},"loc":{"start":{"line":1,"column":7},"end":{"line":16,"column":1}},"line":1}},"f":{"0":7}}
,"C:\\Users\\safaw\\Desktop\\Education\\GL 4\\tp-test\\TP1-Home\\src\\calculerTaxe.js": {"path":"C:\\Users\\safaw\\Desktop\\Education\\GL 4\\tp-test\\TP1-Home\\src\\calculerTaxe.js","all":false,"statementMap":{"0":{"start":{"line":1,"column":0},"end":{"line":1,"column":57}},"1":{"start":{"line":2,"column":0},"end":{"line":2,"column":42}},"2":{"start":{"line":3,"column":0},"end":{"line":3,"column":1}}},"s":{"0":1,"1":1,"2":1},"branchMap":{"0":{"type":"branch","line":1,"loc":{"start":{"line":1,"column":7},"end":{"line":3,"column":1}},"locations":[{"start":{"line":1,"column":7},"end":{"line":3,"column":1}}]}},"b":{"0":[1]},"fnMap":{"0":{"name":"calculerTaxe","decl":{"start":{"line":1,"column":7},"end":{"line":3,"column":1}},"loc":{"start":{"line":1,"column":7},"end":{"line":3,"column":1}},"line":1}},"f":{"0":1}}
,"C:\\Users\\safaw\\Desktop\\Education\\GL 4\\tp-test\\TP1-Home\\src\\fetchTauxChange.js": {"path":"C:\\Users\\safaw\\Desktop\\Education\\GL 4\\tp-test\\TP1-Home\\src\\fetchTauxChange.js","all":false,"statementMap":{"0":{"start":{"line":1,"column":0},"end":{"line":1,"column":31}},"1":{"start":{"line":2,"column":0},"end":{"line":2,"column":0}},"2":{"start":{"line":3,"column":0},"end":{"line":3,"column":53}},"3":{"start":{"line":4,"column":0},"end":{"line":4,"column":31}},"4":{"start":{"line":5,"column":0},"end":{"line":5,"column":64}},"5":{"start":{"line":6,"column":0},"end":{"line":6,"column":4}},"6":{"start":{"line":7,"column":0},"end":{"line":7,"column":21}},"7":{"start":{"line":8,"column":0},"end":{"line":8,"column":44}},"8":{"start":{"line":9,"column":0},"end":{"line":9,"column":3}},"9":{"start":{"line":10,"column":0},"end":{"line":10,"column":37}},"10":{"start":{"line":11,"column":0},"end":{"line":11,"column":20}},"11":{"start":{"line":12,"column":0},"end":{"line":12,"column":1}}},"s":{"0":1,"1":1,"2":1,"3":3,"4":3,"5":3,"6":3,"7":2,"8":2,"9":1,"10":1,"11":1},"branchMap":{"0":{"type":"branch","line":3,"loc":{"start":{"line":3,"column":7},"end":{"line":12,"column":1}},"locations":[{"start":{"line":3,"column":7},"end":{"line":12,"column":1}}]},"1":{"type":"branch","line":7,"loc":{"start":{"line":7,"column":20},"end":{"line":9,"column":3}},"locations":[{"start":{"line":7,"column":20},"end":{"line":9,"column":3}}]},"2":{"type":"branch","line":10,"loc":{"start":{"line":10,"column":-2},"end":{"line":12,"column":1}},"locations":[{"start":{"line":10,"column":-2},"end":{"line":12,"column":1}}]}},"b":{"0":[3],"1":[2],"2":[1]},"fnMap":{"0":{"name":"fetchTauxChange","decl":{"start":{"line":3,"column":7},"end":{"line":12,"column":1}},"loc":{"start":{"line":3,"column":7},"end":{"line":12,"column":1}},"line":3}},"f":{"0":3}}
,"C:\\Users\\safaw\\Desktop\\Education\\GL 4\\tp-test\\TP1-Home\\src\\main.js": {"path":"C:\\Users\\safaw\\Desktop\\Education\\GL 4\\tp-test\\TP1-Home\\src\\main.js","all":true,"statementMap":{"0":{"start":{"line":1,"column":0},"end":{"line":1,"column":58}},"1":{"start":{"line":2,"column":0},"end":{"line":2,"column":56}},"2":{"start":{"line":3,"column":0},"end":{"line":3,"column":0}},"3":{"start":{"line":4,"column":0},"end":{"line":4,"column":30}},"4":{"start":{"line":5,"column":0},"end":{"line":5,"column":7}},"5":{"start":{"line":6,"column":0},"end":{"line":6,"column":24}},"6":{"start":{"line":7,"column":0},"end":{"line":7,"column":52}},"7":{"start":{"line":8,"column":0},"end":{"line":8,"column":76}},"8":{"start":{"line":9,"column":0},"end":{"line":9,"column":0}},"9":{"start":{"line":10,"column":0},"end":{"line":10,"column":40}},"10":{"start":{"line":11,"column":0},"end":{"line":11,"column":71}},"11":{"start":{"line":12,"column":0},"end":{"line":12,"column":0}},"12":{"start":{"line":13,"column":0},"end":{"line":13,"column":72}},"13":{"start":{"line":14,"column":0},"end":{"line":14,"column":19}},"14":{"start":{"line":15,"column":0},"end":{"line":15,"column":55}},"15":{"start":{"line":16,"column":0},"end":{"line":16,"column":3}},"16":{"start":{"line":17,"column":0},"end":{"line":17,"column":1}}},"s":{"0":0,"1":0,"2":0,"3":0,"4":0,"5":0,"6":0,"7":0,"8":0,"9":0,"10":0,"11":0,"12":0,"13":0,"14":0,"15":0,"16":0},"branchMap":{"0":{"type":"branch","line":1,"loc":{"start":{"line":1,"column":0},"end":{"line":17,"column":-163}},"locations":[{"start":{"line":1,"column":0},"end":{"line":17,"column":-163}}]}},"b":{"0":[0]},"fnMap":{"0":{"name":"(empty-report)","decl":{"start":{"line":1,"column":0},"end":{"line":17,"column":-163}},"loc":{"start":{"line":1,"column":0},"end":{"line":17,"column":-163}},"line":1}},"f":{"0":0}}
}
